[Wed May 31 2017 16:51:35 GMT+0200 (CEST)] INFO Logged in as avo of All Bot TEST LanGuaGe
[Wed May 31 2017 16:51:35 GMT+0200 (CEST)] INFO Slack client now connected
[Wed May 31 2017 16:51:35 GMT+0200 (CEST)] WARNING Loading scripts from hubot-scripts.json is deprecated and will be removed in 3.0 (https://github.com/github/hubot-scripts/issues/1113) in favor of packages for each script.

Your hubot-scripts.json is empty, so you just need to remove it.
[Wed May 31 2017 16:51:35 GMT+0200 (CEST)] ERROR hubot-heroku-alive included, but missing HUBOT_HEROKU_KEEPALIVE_URL. `heroku config:set HUBOT_HEROKU_KEEPALIVE_URL=$(heroku apps:info -s  | grep web-url | cut -d= -f2)`
[Wed May 31 2017 16:51:36 GMT+0200 (CEST)] INFO hubot-redis-brain: Using default redis on localhost:6379
[Wed May 31 2017 16:52:59 GMT+0200 (CEST)] INFO Logged in as avo of All Bot TEST LanGuaGe
[Wed May 31 2017 16:52:59 GMT+0200 (CEST)] INFO Slack client now connected
[Wed May 31 2017 16:52:59 GMT+0200 (CEST)] WARNING Loading scripts from hubot-scripts.json is deprecated and will be removed in 3.0 (https://github.com/github/hubot-scripts/issues/1113) in favor of packages for each script.

Your hubot-scripts.json is empty, so you just need to remove it.
[Wed May 31 2017 16:52:59 GMT+0200 (CEST)] ERROR hubot-heroku-alive included, but missing HUBOT_HEROKU_KEEPALIVE_URL. `heroku config:set HUBOT_HEROKU_KEEPALIVE_URL=$(heroku apps:info -s  | grep web-url | cut -d= -f2)`
[Wed May 31 2017 16:52:59 GMT+0200 (CEST)] INFO hubot-redis-brain: Using default redis on localhost:6379
[Wed May 31 2017 16:58:11 GMT+0200 (CEST)] INFO Logged in as avo of All Bot TEST LanGuaGe
[Wed May 31 2017 16:58:11 GMT+0200 (CEST)] INFO Slack client now connected
[Wed May 31 2017 16:58:11 GMT+0200 (CEST)] WARNING Loading scripts from hubot-scripts.json is deprecated and will be removed in 3.0 (https://github.com/github/hubot-scripts/issues/1113) in favor of packages for each script.

Your hubot-scripts.json is empty, so you just need to remove it.
[Wed May 31 2017 16:58:11 GMT+0200 (CEST)] ERROR hubot-heroku-alive included, but missing HUBOT_HEROKU_KEEPALIVE_URL. `heroku config:set HUBOT_HEROKU_KEEPALIVE_URL=$(heroku apps:info -s  | grep web-url | cut -d= -f2)`
[Wed May 31 2017 16:58:11 GMT+0200 (CEST)] INFO hubot-redis-brain: Using default redis on localhost:6379
[Wed May 31 2017 16:59:18 GMT+0200 (CEST)] INFO Logged in as avo of All Bot TEST LanGuaGe
[Wed May 31 2017 16:59:18 GMT+0200 (CEST)] INFO Slack client now connected
[Wed May 31 2017 16:59:18 GMT+0200 (CEST)] WARNING Loading scripts from hubot-scripts.json is deprecated and will be removed in 3.0 (https://github.com/github/hubot-scripts/issues/1113) in favor of packages for each script.

Your hubot-scripts.json is empty, so you just need to remove it.
[Wed May 31 2017 16:59:18 GMT+0200 (CEST)] ERROR hubot-heroku-alive included, but missing HUBOT_HEROKU_KEEPALIVE_URL. `heroku config:set HUBOT_HEROKU_KEEPALIVE_URL=$(heroku apps:info -s  | grep web-url | cut -d= -f2)`
[Wed May 31 2017 16:59:19 GMT+0200 (CEST)] INFO hubot-redis-brain: Using default redis on localhost:6379
[Wed May 31 2017 17:00:28 GMT+0200 (CEST)] INFO Logged in as avo of All Bot TEST LanGuaGe
[Wed May 31 2017 17:00:28 GMT+0200 (CEST)] INFO Slack client now connected
[Wed May 31 2017 17:00:28 GMT+0200 (CEST)] WARNING Loading scripts from hubot-scripts.json is deprecated and will be removed in 3.0 (https://github.com/github/hubot-scripts/issues/1113) in favor of packages for each script.

Your hubot-scripts.json is empty, so you just need to remove it.
[Wed May 31 2017 17:00:28 GMT+0200 (CEST)] ERROR hubot-heroku-alive included, but missing HUBOT_HEROKU_KEEPALIVE_URL. `heroku config:set HUBOT_HEROKU_KEEPALIVE_URL=$(heroku apps:info -s  | grep web-url | cut -d= -f2)`
[Wed May 31 2017 17:00:29 GMT+0200 (CEST)] INFO hubot-redis-brain: Using default redis on localhost:6379
[Wed May 31 2017 17:00:58 GMT+0200 (CEST)] INFO Logged in as avo of All Bot TEST LanGuaGe
[Wed May 31 2017 17:00:59 GMT+0200 (CEST)] INFO Slack client now connected
[Wed May 31 2017 17:00:59 GMT+0200 (CEST)] WARNING Loading scripts from hubot-scripts.json is deprecated and will be removed in 3.0 (https://github.com/github/hubot-scripts/issues/1113) in favor of packages for each script.

Your hubot-scripts.json is empty, so you just need to remove it.
[Wed May 31 2017 17:00:59 GMT+0200 (CEST)] ERROR hubot-heroku-alive included, but missing HUBOT_HEROKU_KEEPALIVE_URL. `heroku config:set HUBOT_HEROKU_KEEPALIVE_URL=$(heroku apps:info -s  | grep web-url | cut -d= -f2)`
[Wed May 31 2017 17:00:59 GMT+0200 (CEST)] INFO hubot-redis-brain: Using default redis on localhost:6379
[Wed May 31 2017 17:01:37 GMT+0200 (CEST)] INFO Logged in as avo of All Bot TEST LanGuaGe
[Wed May 31 2017 17:01:38 GMT+0200 (CEST)] INFO Slack client now connected
[Wed May 31 2017 17:01:38 GMT+0200 (CEST)] WARNING Loading scripts from hubot-scripts.json is deprecated and will be removed in 3.0 (https://github.com/github/hubot-scripts/issues/1113) in favor of packages for each script.

Your hubot-scripts.json is empty, so you just need to remove it.
[Wed May 31 2017 17:01:38 GMT+0200 (CEST)] ERROR hubot-heroku-alive included, but missing HUBOT_HEROKU_KEEPALIVE_URL. `heroku config:set HUBOT_HEROKU_KEEPALIVE_URL=$(heroku apps:info -s  | grep web-url | cut -d= -f2)`
[Wed May 31 2017 17:01:38 GMT+0200 (CEST)] INFO hubot-redis-brain: Using default redis on localhost:6379
[Wed May 31 2017 21:12:20 GMT+0200 (CEST)] INFO Logged in as avo of All Bot TEST LanGuaGe
[Wed May 31 2017 21:12:20 GMT+0200 (CEST)] INFO Slack client now connected
[Fri Jun 02 2017 07:22:20 GMT+0200 (CEST)] INFO Logged in as avo of All Bot TEST LanGuaGe
[Fri Jun 02 2017 07:22:20 GMT+0200 (CEST)] INFO Slack client now connected
[Wed Jun 07 2017 22:30:50 GMT+0200 (CEST)] INFO Logged in as avo of All Bot TEST LanGuaGe
[Wed Jun 07 2017 22:30:50 GMT+0200 (CEST)] INFO Slack client now connected
[Wed Jun 07 2017 23:48:53 GMT+0200 (CEST)] INFO Logged in as avo of All Bot TEST LanGuaGe
[Wed Jun 07 2017 23:48:54 GMT+0200 (CEST)] INFO Slack client now connected
[Sun Jun 11 2017 05:31:35 GMT+0200 (CEST)] INFO Logged in as avo of All Bot TEST LanGuaGe
[Sun Jun 11 2017 05:31:35 GMT+0200 (CEST)] INFO Slack client now connected
